<?xml version="1.0" encoding="UTF-8"?>
<!-- Generated by org.testng.reporters.JUnitReportReporter -->
<testsuite hostname="Karna" failures="0" tests="1" name="TestCaseDemo.Test1" time="39.990" errors="0" timestamp="2025-03-11T12:03:22 IST" skipped="0">
  <testcase classname="TestCaseDemo.Test1" name="title" time="39.990">
    <system-out>
      <![CDATA[Test case 1 Title Assertion Pass]]>
    </system-out>
  </testcase> <!-- title -->
  <system-out>
    <![CDATA[Test case 1 Title Assertion Pass
Test case 2 Login Successfull
Test case 3 Menu Changed]]>
  </system-out>
</testsuite> <!-- TestCaseDemo.Test1 -->
