<?xml version="1.0" encoding="UTF-8"?>
<!-- Generated by org.testng.reporters.JUnitReportReporter -->
<testsuite hostname="Karna" failures="0" tests="1" name="TestCaseDemo.Test3" time="17.216" errors="0" timestamp="2025-03-11T12:03:22 IST" skipped="0">
  <testcase classname="TestCaseDemo.Test3" name="checkMenu" time="17.216">
    <system-out>
      <![CDATA[Test case 3 Menu Changed]]>
    </system-out>
  </testcase> <!-- checkMenu -->
  <system-out>
    <![CDATA[Test case 1 Title Assertion Pass
Test case 2 Login Successfull
Test case 3 Menu Changed]]>
  </system-out>
</testsuite> <!-- TestCaseDemo.Test3 -->
