<?xml version="1.0" encoding="UTF-8"?>
<!-- Generated by org.testng.reporters.JUnitReportReporter -->
<testsuite hostname="Karna" failures="0" tests="1" name="Runner.DemoNG" time="18.365" errors="0" timestamp="2025-03-10T16:26:36 IST" skipped="0">
  <testcase classname="Runner.DemoNG" name="runScenario" time="18.365"/>
</testsuite> <!-- Runner.DemoNG -->
